Usuário Teste (ID: 35) removeu a reserva com ID 23.
[2024-12-10 17:24:11] Reservas antigas removidas automaticamente.
[2024-12-10 17:24:11] O Admin admin (ID: 28) removeu a reserva com ID 20.
[2024-12-10 19:21:52] [2024-12-10 19:21:52] Reservas antigas removidas automaticamente de todos os Users pelo Admin admin.
[2024-12-10 19:22:22]  Remoção de requisições antigas automaticas do User: admin  com (id 28) 
[2024-12-10 19:22:38]  Remoção de requisições antigas automaticas do User: admin  com (id 28) 
[2024-12-10 19:22:45]  Remoção de requisições antigas automaticas do User: admin  com (id 28) 
[2024-12-10 19:23:05]  Remoção de requisições antigas automaticas do User: admin  com (id 28) 
[2024-12-10 19:23:11]  Remoção de requisições antigas automaticas do User: admin  com (id 28) 
Usuário admin (ID: 28) removeu a reserva com ID 25.
[2024-12-10 19:23:13]  Remoção de requisições antigas automaticas do User: admin  com (id 28) 
[2024-12-10 19:23:19]  Remoção de requisições antigas automaticas do User: admin  com (id 28) 
[2024-12-10 19:23:26] [2024-12-10 19:23:26] Reservas antigas removidas automaticamente de todos os Users pelo Admin admin.
[2024-12-10 19:23:27] [2024-12-10 19:23:27] Reservas antigas removidas automaticamente de todos os Users pelo Admin admin.
[2024-12-10 19:23:31] [2024-12-10 19:23:31] Reservas antigas removidas automaticamente de todos os Users pelo Admin admin.
[2024-12-10 19:23:31]  [2024-12-10 19:23:31] O Admin admin (ID: 28) removeu a reserva com ID 26.
[2024-12-10 19:23:37] [2024-12-10 19:23:37] Reservas antigas removidas automaticamente de todos os Users pelo Admin admin.
[2024-12-10 19:27:09]  Remoção de requisições antigas automaticas do User: admin  com (id 28) 
[2024-12-10 19:27:24]  Remoção de requisições antigas automaticas do User: admin  com (id 28) 
[2024-12-10 19:27:40]  Remoção de requisições antigas automaticas do User: admin  com (id 28) 
[2024-12-10 19:27:45]  Remoção de requisições antigas automaticas do User: admin  com (id 28) 
Usuário admin (ID: 28) removeu a reserva com ID 27.
[2024-12-10 19:27:48]  Remoção de requisições antigas automaticas do User: admin  com (id 28) 
[2024-12-10 19:30:15]  Remoção de requisições antigas automaticas do User: admin  com (id 28) 
[2024-12-10 19:30:18]  Remoção de requisições antigas automaticas do User: admin  com (id 28) 
[2024-12-10 19:30:26]  Remoção de requisições antigas automaticas do User: admin  com (id 28) 
[2024-12-10 19:30:26] O Usuário admin (ID: 28) removeu a reserva com ID 28.
[2024-12-10 19:30:30]  Remoção de requisições antigas automaticas do User: admin  com (id 28) 
[2024-12-10 19:30:56]  Remoção de requisições antigas automaticas do User: admin  com (id 28) 
[2024-12-10 19:33:00]  Remoção de requisições antigas automaticas do User: admin  com (id 28) 
[2024-12-10 19:33:21]  Remoção de requisições antigas automaticas do User: admin  com (id 28) 
[2024-12-10 19:57:19]  Remoção de requisições antigas automaticas do User: Teste  com (id 35) 
[2024-12-10 19:57:36]  Remoção de requisições antigas automaticas do User: Teste  com (id 35) 
[2024-12-10 20:26:58]  Remoção de requisições antigas automaticas do User: admin  com (id 28) 
[2024-12-10 20:29:39]  Remoção de requisições antigas automaticas do User: admin  com (id 28) 
[2024-12-10 20:31:12]  Remoção de requisições antigas automaticas do User: admin  com (id 28) 
[2024-12-10 20:31:28]  Remoção de requisições antigas automaticas do User: admin  com (id 28) 
[2024-12-10 20:32:46]  Remoção de requisições antigas automaticas do User:   com (id ) 
[2024-12-10 20:32:58]  Remoção de requisições antigas automaticas do User: admin  com (id 28) 
[2024-12-10 20:50:15]  Remoção de requisições antigas automaticas do User:   com (id ) 
[2024-12-10 20:50:39]  Remoção de requisições antigas automaticas do User:   com (id ) 
[2024-12-12 01:09:06]  Remoção de requisições antigas automaticas do User:   com (id ) 
[2024-12-12 14:28:34]  Remoção de requisições antigas automaticas do User:   com (id ) 
[2024-12-12 14:28:43]  Remoção de requisições antigas automaticas do User:   com (id ) 
[2024-12-12 14:40:01]  Remoção de requisições antigas automaticas do User: admin  com (id 28) 
[2024-12-12 16:56:10]  Remoção de requisições antigas automaticas do User:   com (id ) 
[2024-12-12 22:27:50]  Remoção de requisições antigas automaticas do User: admin  com (id 28) 
[2024-12-12 22:28:15]  Remoção de requisições antigas automaticas do User: professor ze  com (id 33) 
[2024-12-12 22:28:22]  Remoção de requisições antigas automaticas do User: professor ze  com (id 33) 
[2024-12-12 22:30:00]  Remoção de requisições antigas automaticas do User: professor ze  com (id 33) 
[2024-12-12 22:30:01]  Remoção de requisições antigas automaticas do User: professor ze  com (id 33) 
[2024-12-12 22:32:02]  Remoção de requisições antigas automaticas do User: professor ze  com (id 33) 
[2024-12-12 22:32:22]  Remoção de requisições antigas automaticas do User: professor ze  com (id 33) 
[2024-12-12 22:35:00]  Remoção de requisições antigas automaticas do User: professor ze  com (id 33) 
[2024-12-12 22:35:09]  Remoção de requisições antigas automaticas do User: professor ze  com (id 33) 
[2024-12-12 22:35:30]  Remoção de requisições antigas automaticas do User: admin  com (id 28) 
[2024-12-12 22:35:56]  Remoção de requisições antigas automaticas do User: professor joaquim  com (id 32) 
[2024-12-12 22:36:11]  Remoção de requisições antigas automaticas do User: professor joaquim  com (id 32) 
[2024-12-12 22:36:36]  Remoção de requisições antigas automaticas do User: joão  com (id 54) 
[2024-12-12 22:36:57]  Remoção de requisições antigas automaticas do User: joão  com (id 54) 
[2024-12-12 22:37:17]  Remoção de requisições antigas automaticas do User: joão  com (id 54) 
[2024-12-12 22:37:25]  Remoção de requisições antigas automaticas do User: joão  com (id 54) 
[2024-12-12 23:23:39]  Remoção de requisições antigas automaticas do User: admin  com (id 28) 
[2024-12-12 23:24:12]  Remoção de requisições antigas automaticas do User: admin  com (id 28) 
[2024-12-12 23:25:02]  Remoção de requisições antigas automaticas do User: admin  com (id 28) 
[2024-12-12 23:27:20]  Remoção de requisições antigas automaticas do User: admin  com (id 28) 
[2024-12-12 23:27:36]  Remoção de requisições antigas automaticas do User: professor ze  com (id 33) 
[2024-12-12 23:31:36]  Remoção de requisições antigas automaticas do User: professor ze  com (id 33) 
[2024-12-12 23:31:37]  Remoção de requisições antigas automaticas do User: professor ze  com (id 33) 
[2024-12-12 23:32:07]  Remoção de requisições antigas automaticas do User: professor ze  com (id 33) 
[2024-12-12 23:32:19]  Remoção de requisições antigas automaticas do User: admin  com (id 28) 
[2024-12-12 23:32:25]  Remoção de requisições antigas automaticas do User: admin  com (id 28) 
[2024-12-12 23:32:35]  Remoção de requisições antigas automaticas do User: admin  com (id 28) 
[2024-12-12 23:32:49]  Remoção de requisições antigas automaticas do User: professor ze  com (id 33) 
[2024-12-12 23:35:38]  Remoção de requisições antigas automaticas do User: professor ze  com (id 33) 
[2024-12-12 23:35:40]  Remoção de requisições antigas automaticas do User: professor ze  com (id 33) 
[2024-12-12 23:35:41]  Remoção de requisições antigas automaticas do User: professor ze  com (id 33) 
[2024-12-12 23:35:43]  Remoção de requisições antigas automaticas do User: professor ze  com (id 33) 
[2024-12-12 23:35:44]  Remoção de requisições antigas automaticas do User: professor ze  com (id 33) 
[2024-12-12 23:35:46]  Remoção de requisições antigas automaticas do User: professor ze  com (id 33) 
[2024-12-12 23:35:47]  Remoção de requisições antigas automaticas do User: professor ze  com (id 33) 
[2024-12-12 23:35:48]  Remoção de requisições antigas automaticas do User: professor ze  com (id 33) 
[2024-12-12 23:35:49]  Remoção de requisições antigas automaticas do User: professor ze  com (id 33) 
[2024-12-12 23:35:51]  Remoção de requisições antigas automaticas do User: professor ze  com (id 33) 
[2024-12-13 00:01:30]  Remoção de requisições antigas automaticas do User: admin  com (id 28) 
[2024-12-13 00:01:45]  Remoção de requisições antigas automaticas do User: admin  com (id 28) 
[2024-12-13 00:01:49]  Remoção de requisições antigas automaticas do User: admin  com (id 28) 
[2024-12-13 00:01:49] O Usuário admin (ID: 28) removeu a reserva com ID 32.
[2024-12-13 00:01:53]  Remoção de requisições antigas automaticas do User: admin  com (id 28) 
[2024-12-13 00:12:31]  Remoção de requisições antigas automaticas do User: admin  com (id 28) 
[2024-12-13 01:44:40]  Remoção de requisições antigas automaticas do User:   com (id ) 
[2024-12-13 02:28:14]  Remoção de requisições antigas automaticas do User: joao  com (id 80) 
[2024-12-13 02:54:13]  Remoção de requisições antigas automaticas do User: melo  com (id 31) 
[2024-12-13 02:56:38]  Remoção de requisições antigas automaticas do User: melo  com (id 31) 
[2024-12-13 02:58:06]  Remoção de requisições antigas automaticas do User: melo  com (id 31) 
[2024-12-13 02:59:59]  Remoção de requisições antigas automaticas do User:   com (id ) 
[2024-12-13 03:00:33]  Remoção de requisições antigas automaticas do User: ricardo  com (id 34) 
[2024-12-13 15:33:26]  Remoção de requisições antigas automaticas do User:   com (id ) 
[2024-12-13 15:36:54]  Remoção de requisições antigas automaticas do User:   com (id ) 
[2024-12-13 15:38:10]  Remoção de requisições antigas automaticas do User: ricardo  com (id 34) 
[2024-12-13 15:38:37]  Remoção de requisições antigas automaticas do User: ricardo  com (id 34) 
[2024-12-13 15:38:59]  Remoção de requisições antigas automaticas do User: ricardo  com (id 34) 
[2024-12-13 15:39:28]  Remoção de requisições antigas automaticas do User: ricardo  com (id 34) 
[2024-12-13 15:41:29]  Remoção de requisições antigas automaticas do User: ricardo  com (id 34) 
[2024-12-13 15:51:56]  Remoção de requisições antigas automaticas do User: ricardo  com (id 34) 
[2024-12-13 15:52:06]  Remoção de requisições antigas automaticas do User: ricardo  com (id 34) 
